<?xml version="1.0" encoding="UTF-8"?>
<!-- Generated by org.testng.reporters.JUnitReportReporter -->
<testsuite hostname="Bhargavi" name="dropDwonDemo.LabelDemo4" tests="1" failures="0" timestamp="25 Jun 2023 01:34:35 GMT" time="10.461" errors="0">
  <testcase name="LabelTest" time="10.461" classname="dropDwonDemo.LabelDemo4"/>
</testsuite> <!-- dropDwonDemo.LabelDemo4 -->
