<?xml version="1.0" encoding="UTF-8"?>
<!-- Generated by org.testng.reporters.JUnitReportReporter -->
<testsuite hostname="Bhargavi" name="testNGDemo.TestNGDemo1" tests="1" failures="0" timestamp="16 Jun 2023 14:53:38 GMT" time="0.002" errors="0">
  <testcase name="funA" time="0.002" classname="testNGDemo.TestNGDemo1"/>
</testsuite> <!-- testNGDemo.TestNGDemo1 -->
