<?xml version="1.0" encoding="UTF-8"?>
<!-- Generated by org.testng.reporters.JUnitReportReporter -->
<testsuite hostname="Bhargavi" name="testNGDemo.TestNGDemo5" tests="1" failures="0" timestamp="16 Jun 2023 14:53:38 GMT" time="0.015" errors="0">
  <testcase name="funA" time="0.015" classname="testNGDemo.TestNGDemo5"/>
</testsuite> <!-- testNGDemo.TestNGDemo5 -->
