<?xml version="1.0" encoding="UTF-8"?>
<!-- Generated by org.testng.reporters.JUnitReportReporter -->
<testsuite hostname="Bhargavi" name="selenium.ImplicitDataTypeCasting" tests="1" failures="0" timestamp="30 Jun 2023 14:40:57 GMT" time="20.370" errors="0">
  <testcase name="ImplicitDataTypeCastingTest" time="20.370" classname="selenium.ImplicitDataTypeCasting"/>
</testsuite> <!-- selenium.ImplicitDataTypeCasting -->
