<?xml version="1.0" encoding="UTF-8"?>
<!-- Generated by org.testng.reporters.JUnitReportReporter -->
<testsuite hostname="Bhargavi" name="assignments.DragAndDropDemo" tests="1" failures="0" timestamp="28 Jun 2023 08:20:11 GMT" time="15.233" errors="0">
  <testcase name="DragAndDropTest" time="15.233" classname="assignments.DragAndDropDemo"/>
</testsuite> <!-- assignments.DragAndDropDemo -->
