<?xml version="1.0" encoding="UTF-8"?>
<!-- Generated by org.testng.reporters.JUnitReportReporter -->
<testsuite hostname="Bhargavi" name="testNGDemo.BrokenLinkDemo1" tests="1" failures="0" timestamp="18 Jun 2023 08:05:40 GMT" time="7.183" errors="0">
  <testcase name="BrokenLinkTest" time="7.183" classname="testNGDemo.BrokenLinkDemo1"/>
</testsuite> <!-- testNGDemo.BrokenLinkDemo1 -->
