<?xml version="1.0" encoding="UTF-8"?>
<!-- Generated by org.testng.reporters.JUnitReportReporter -->
<testsuite hostname="Bhargavi" name="selenium.CloseAndQuitDemo1" tests="1" failures="0" timestamp="30 Jun 2023 15:12:47 GMT" time="21.398" errors="0">
  <testcase name="CloseAndQuitTest" time="21.398" classname="selenium.CloseAndQuitDemo1"/>
</testsuite> <!-- selenium.CloseAndQuitDemo1 -->
