<?xml version="1.0" encoding="UTF-8"?>
<!-- Generated by org.testng.reporters.JUnitReportReporter -->
<testsuite hostname="Bhargavi" name="selenium.WebTableDemo1" tests="1" failures="0" timestamp="27 Jun 2023 10:46:58 GMT" time="9.204" errors="0">
  <testcase name="f" time="9.204" classname="selenium.WebTableDemo1"/>
</testsuite> <!-- selenium.WebTableDemo1 -->
