<?xml version="1.0" encoding="UTF-8"?>
<!-- Generated by org.testng.reporters.JUnitReportReporter -->
<testsuite hostname="Bhargavi" name="assignments.MultipleWindowsHandling" tests="1" failures="0" timestamp="4 Jul 2023 14:23:07 GMT" time="53.368" errors="0">
  <testcase name="MultipleWindowsHandlingTest" time="53.368" classname="assignments.MultipleWindowsHandling"/>
</testsuite> <!-- assignments.MultipleWindowsHandling -->
