<?xml version="1.0" encoding="UTF-8"?>
<!-- Generated by org.testng.reporters.JUnitReportReporter -->
<testsuite hostname="Bhargavi" name="testNGDemo.TestNGDemo2" tests="4" failures="0" timestamp="16 Jun 2023 14:53:38 GMT" time="0.005" errors="0">
  <testcase name="funA" time="0.001" classname="testNGDemo.TestNGDemo2"/>
  <testcase name="funD" time="0.002" classname="testNGDemo.TestNGDemo2"/>
  <testcase name="funB" time="0.001" classname="testNGDemo.TestNGDemo2"/>
  <testcase name="funC" time="0.001" classname="testNGDemo.TestNGDemo2"/>
</testsuite> <!-- testNGDemo.TestNGDemo2 -->
