<?xml version="1.0" encoding="UTF-8"?>
<!-- Generated by org.testng.reporters.JUnitReportReporter -->
<testsuite hostname="Bhargavi" name="assignments.LinkDemo" tests="1" failures="0" timestamp="21 Jun 2023 13:59:42 GMT" time="16.948" errors="0">
  <testcase name="LinkDemoTest" time="16.948" classname="assignments.LinkDemo"/>
</testsuite> <!-- assignments.LinkDemo -->
