<?xml version="1.0" encoding="UTF-8"?>
<!-- Generated by org.testng.reporters.JUnitReportReporter -->
<testsuite hostname="Bhargavi" name="testNgWithSeleniumDemo1.FindElementsAndFindElementsDemo1" tests="1" failures="0" timestamp="18 Jun 2023 05:49:16 GMT" time="46.869" errors="0">
  <testcase name="FindElementsAndFindElementsTest1" time="46.869" classname="testNgWithSeleniumDemo1.FindElementsAndFindElementsDemo1"/>
</testsuite> <!-- testNgWithSeleniumDemo1.FindElementsAndFindElementsDemo1 -->
