<?xml version="1.0" encoding="UTF-8"?>
<!-- Generated by org.testng.reporters.JUnitReportReporter -->
<testsuite hostname="Bhargavi" name="assignments.DropDownDemo2" tests="1" failures="0" timestamp="21 Jun 2023 13:57:02 GMT" time="16.251" errors="0">
  <testcase name="DropDownTest" time="16.251" classname="assignments.DropDownDemo2"/>
</testsuite> <!-- assignments.DropDownDemo2 -->
