<?xml version="1.0" encoding="UTF-8"?>
<!-- Generated by org.testng.reporters.JUnitReportReporter -->
<testsuite hostname="Bhargavi" name="testNGDemo.NewTest" tests="1" failures="0" timestamp="16 Jun 2023 14:53:38 GMT" time="0.005" errors="0">
  <testcase name="f" time="0.005" classname="testNGDemo.NewTest"/>
</testsuite> <!-- testNGDemo.NewTest -->
