<?xml version="1.0" encoding="UTF-8"?>
<!-- Generated by org.testng.reporters.JUnitReportReporter -->
<testsuite hostname="Bhargavi" name="testNGDemo.LinksDemo1" tests="1" failures="0" timestamp="18 Jun 2023 07:22:04 GMT" time="14.471" errors="0">
  <testcase name="linktest" time="14.471" classname="testNGDemo.LinksDemo1"/>
</testsuite> <!-- testNGDemo.LinksDemo1 -->
