<?xml version="1.0" encoding="UTF-8"?>
<!-- Generated by org.testng.reporters.JUnitReportReporter -->
<testsuite hostname="Bhargavi" name="testNGDemo.HardAssertionDemo2" tests="2" failures="0" timestamp="17 Jun 2023 15:45:19 GMT" time="0.016" errors="0">
  <testcase name="funA" time="0.014" classname="testNGDemo.HardAssertionDemo2"/>
  <testcase name="funB" time="0.002" classname="testNGDemo.HardAssertionDemo2"/>
</testsuite> <!-- testNGDemo.HardAssertionDemo2 -->
