<?xml version="1.0" encoding="UTF-8"?>
<!-- Generated by org.testng.reporters.JUnitReportReporter -->
<testsuite hostname="Bhargavi" name="testNGDemo.TestNGGroupDemo1" tests="4" failures="0" timestamp="16 Jun 2023 14:53:38 GMT" time="0.005" errors="0">
  <testcase name="funC" time="0.001" classname="testNGDemo.TestNGGroupDemo1"/>
  <testcase name="funA" time="0.003" classname="testNGDemo.TestNGGroupDemo1"/>
  <testcase name="funB" time="0.001" classname="testNGDemo.TestNGGroupDemo1"/>
  <testcase name="funD" time="0.000" classname="testNGDemo.TestNGGroupDemo1"/>
</testsuite> <!-- testNGDemo.TestNGGroupDemo1 -->
