<?xml version="1.0" encoding="UTF-8"?>
<!-- Generated by org.testng.reporters.JUnitReportReporter -->
<testsuite hostname="Bhargavi" name="assignments.HandilingWebTable" tests="1" failures="0" timestamp="26 Jun 2023 10:39:46 GMT" time="14.391" errors="0">
  <testcase name="HandilingWebTableTest" time="14.391" classname="assignments.HandilingWebTable"/>
</testsuite> <!-- assignments.HandilingWebTable -->
