<?xml version="1.0" encoding="UTF-8"?>
<!-- Generated by org.testng.reporters.JUnitReportReporter -->
<testsuite hostname="Bhargavi" name="selenium.DragAndDropDemo1" tests="1" failures="0" timestamp="27 Jun 2023 10:40:33 GMT" time="9.897" errors="0">
  <testcase name="DragAndDropTest" time="9.897" classname="selenium.DragAndDropDemo1"/>
</testsuite> <!-- selenium.DragAndDropDemo1 -->
