<?xml version="1.0" encoding="UTF-8"?>
<!-- Generated by org.testng.reporters.JUnitReportReporter -->
<testsuite hostname="Bhargavi" name="testNGDemo.TestNGAnnotationDemo3" tests="1" failures="0" timestamp="17 Jun 2023 14:25:56 GMT" time="0.003" errors="0">
  <testcase name="funA" time="0.003" classname="testNGDemo.TestNGAnnotationDemo3"/>
</testsuite> <!-- testNGDemo.TestNGAnnotationDemo3 -->
