<?xml version="1.0" encoding="UTF-8"?>
<!-- Generated by org.testng.reporters.JUnitReportReporter -->
<testsuite hostname="Bhargavi" name="selenium.ImplicitWaitTypeCasting" tests="1" failures="0" timestamp="30 Jun 2023 14:54:31 GMT" time="36.367" errors="0">
  <testcase name="ImplicitWaitTypeCastingTest" time="36.367" classname="selenium.ImplicitWaitTypeCasting"/>
</testsuite> <!-- selenium.ImplicitWaitTypeCasting -->
