<?xml version="1.0" encoding="UTF-8"?>
<!-- Generated by org.testng.reporters.JUnitReportReporter -->
<testsuite hostname="Bhargavi" name="selenium.ExplicitWaitDemo1" tests="1" failures="0" timestamp="28 Jun 2023 15:40:59 GMT" time="19.455" errors="0">
  <testcase name="ExplicitWaitTest" time="19.455" classname="selenium.ExplicitWaitDemo1"/>
</testsuite> <!-- selenium.ExplicitWaitDemo1 -->
